<?xml version="1.0" encoding="UTF-8"?>
<!-- Generated by org.testng.reporters.JUnitXMLReporter -->
<testsuite ignored="0" hostname="DESKTOP-B94R4DD" failures="0" tests="2" name="Default test" time="21.113" errors="0" timestamp="2026-02-10T17:06:04 IST">
  <testcase classname="com.Amazon.TestScripts.AddToCart_TestScript" name="Tc001_SearchProduct" time="12.493"/>
  <testcase classname="com.Amazon.TestScripts.AddToCart_TestScript" name="Tc002_AddToCart" time="2.293"/>
</testsuite> <!-- Default test -->
