<?xml version="1.0" encoding="UTF-8"?>
<!-- Generated by org.testng.reporters.JUnitXMLReporter -->
<testsuite ignored="0" hostname="DESKTOP-B94R4DD" failures="0" tests="2" name="Default test" time="36.317" errors="0" timestamp="2026-02-24T00:05:06 IST">
  <testcase classname="com.Amazon.TestScripts.AddToCart_TestScript" name="Tc001_SearchProduct" time="19.741"/>
  <testcase classname="com.Amazon.TestScripts.AddToCart_TestScript" name="Tc002_AddToCart" time="2.98"/>
</testsuite> <!-- Default test -->
