<?xml version="1.0" encoding="UTF-8"?>
<!-- Generated by org.testng.reporters.JUnitXMLReporter -->
<testsuite ignored="0" hostname="DESKTOP-B94R4DD" failures="0" tests="5" name="Test" time="89.327" errors="0" timestamp="2026-02-21T00:19:46 IST">
  <testcase classname="com.Amazon.TestScripts.AddToCart_TestScript" name="Tc001_SearchProduct" time="11.876"/>
  <testcase classname="com.Amazon.TestScripts.AddToCart_TestScript" name="Tc002_AddToCart" time="4.822"/>
  <testcase classname="excelDriven.ExcelDrivenWithDataProviderAnnotation" name="loginCredentils" time="1.92"/>
  <testcase classname="excelDriven.ExcelDrivenWithDataProviderAnnotation" name="loginCredentils" time="2.807"/>
  <testcase classname="excelDriven.ExcelDrivenWithDataProviderAnnotation" name="loginCredentils" time="2.232"/>
</testsuite> <!-- Test -->
