<?xml version="1.0" encoding="UTF-8"?>
<!-- Generated by org.testng.reporters.JUnitXMLReporter -->
<testsuite ignored="0" hostname="DESKTOP-B94R4DD" failures="0" tests="3" name="Test" time="87.708" errors="0" timestamp="2026-02-26T01:14:19 IST">
  <testcase classname="com.Amazon.TestScripts.AddToCart_Test" name="AddToCart" time="16.967"/>
  <testcase classname="com.Amazon.TestScripts.SearchProducts" name="checkOut_TestCase" time="8.602"/>
  <testcase classname="com.Amazon.TestScripts.CheckOut_Test" name="checkOutProcess" time="49.553"/>
</testsuite> <!-- Test -->
