<?xml version="1.0" encoding="UTF-8"?>
<testng-results ignored="0" total="2" passed="2" failed="0" skipped="0">
  <reporter-output>
  </reporter-output>
  <suite started-at="2026-02-21T01:32:45 IST" name="Suite" finished-at="2026-02-21T01:33:03 IST" duration-ms="18135">
    <groups>
    </groups>
    <test started-at="2026-02-21T01:32:45 IST" name="Test" finished-at="2026-02-21T01:33:03 IST" duration-ms="18135">
      <class name="com.Amazon.TestScripts.AddToCart_TestScript">
        <test-method is-config="true" signature="setup()[pri:0, instance:com.Amazon.TestScripts.AddToCart_TestScript@34b7ac2f]" started-at="2026-02-21T01:32:45 IST" name="setup" finished-at="2026-02-21T01:32:48 IST" duration-ms="2539" status="PASS">
          <reporter-output>
          </reporter-output>
        </test-method> <!-- setup -->
        <test-method signature="Tc001_SearchProduct()[pri:1, instance:com.Amazon.TestScripts.AddToCart_TestScript@34b7ac2f]" started-at="2026-02-21T01:32:48 IST" name="Tc001_SearchProduct" finished-at="2026-02-21T01:32:56 IST" duration-ms="8635" status="PASS">
          <reporter-output>
          </reporter-output>
        </test-method> <!-- Tc001_SearchProduct -->
        <test-method signature="Tc002_AddToCart()[pri:2, instance:com.Amazon.TestScripts.AddToCart_TestScript@34b7ac2f]" started-at="2026-02-21T01:32:56 IST" name="Tc002_AddToCart" finished-at="2026-02-21T01:33:03 IST" duration-ms="6342" status="PASS">
          <reporter-output>
          </reporter-output>
        </test-method> <!-- Tc002_AddToCart -->
        <test-method is-config="true" signature="tearDown()[pri:0, instance:com.Amazon.TestScripts.AddToCart_TestScript@34b7ac2f]" started-at="2026-02-21T01:33:03 IST" name="tearDown" finished-at="2026-02-21T01:33:03 IST" duration-ms="533" status="PASS">
          <reporter-output>
          </reporter-output>
        </test-method> <!-- tearDown -->
      </class> <!-- com.Amazon.TestScripts.AddToCart_TestScript -->
    </test> <!-- Test -->
  </suite> <!-- Suite -->
</testng-results>
