<?xml version="1.0" encoding="UTF-8"?>
<testng-results ignored="0" total="5" passed="5" failed="0" skipped="0">
  <reporter-output>
  </reporter-output>
  <suite started-at="2026-02-21T00:18:17 IST" name="Suite" finished-at="2026-02-21T00:19:46 IST" duration-ms="89327">
    <groups>
    </groups>
    <test started-at="2026-02-21T00:18:17 IST" name="Test" finished-at="2026-02-21T00:19:46 IST" duration-ms="89327">
      <class name="excelDriven.ExcelDrivenWithDataProviderAnnotation">
        <test-method is-config="true" signature="setup()[pri:0, instance:excelDriven.ExcelDrivenWithDataProviderAnnotation@65e98b1c]" started-at="2026-02-21T00:18:54 IST" name="setup" finished-at="2026-02-21T00:19:04 IST" duration-ms="10448" status="PASS">
          <reporter-output>
          </reporter-output>
        </test-method> <!-- setup -->
        <test-method signature="loginCredentils(java.lang.String,java.lang.String)[pri:0, instance:excelDriven.ExcelDrivenWithDataProviderAnnotation@65e98b1c]" started-at="2026-02-21T00:19:04 IST" name="loginCredentils" data-provider="DataProvider" finished-at="2026-02-21T00:19:06 IST" duration-ms="1920" status="PASS">
          <params>
            <param index="0">
              <value>
                <![CDATA[Admin]]>
              </value>
            </param>
            <param index="1">
              <value>
                <![CDATA[admin123]]>
              </value>
            </param>
          </params>
          <reporter-output>
          </reporter-output>
        </test-method> <!-- loginCredentils -->
        <test-method is-config="true" signature="tearDown()[pri:0, instance:excelDriven.ExcelDrivenWithDataProviderAnnotation@65e98b1c]" started-at="2026-02-21T00:19:06 IST" name="tearDown" finished-at="2026-02-21T00:19:10 IST" duration-ms="4009" status="PASS">
          <reporter-output>
          </reporter-output>
        </test-method> <!-- tearDown -->
        <test-method is-config="true" signature="setup()[pri:0, instance:excelDriven.ExcelDrivenWithDataProviderAnnotation@65e98b1c]" started-at="2026-02-21T00:19:10 IST" name="setup" finished-at="2026-02-21T00:19:20 IST" duration-ms="10258" status="PASS">
          <reporter-output>
          </reporter-output>
        </test-method> <!-- setup -->
        <test-method signature="loginCredentils(java.lang.String,java.lang.String)[pri:0, instance:excelDriven.ExcelDrivenWithDataProviderAnnotation@65e98b1c]" started-at="2026-02-21T00:19:20 IST" name="loginCredentils" data-provider="DataProvider" finished-at="2026-02-21T00:19:23 IST" duration-ms="2807" status="PASS">
          <params>
            <param index="0">
              <value>
                <![CDATA[admin]]>
              </value>
            </param>
            <param index="1">
              <value>
                <![CDATA[admin123]]>
              </value>
            </param>
          </params>
          <reporter-output>
          </reporter-output>
        </test-method> <!-- loginCredentils -->
        <test-method is-config="true" signature="tearDown()[pri:0, instance:excelDriven.ExcelDrivenWithDataProviderAnnotation@65e98b1c]" started-at="2026-02-21T00:19:23 IST" name="tearDown" finished-at="2026-02-21T00:19:30 IST" duration-ms="7159" status="PASS">
          <reporter-output>
          </reporter-output>
        </test-method> <!-- tearDown -->
        <test-method is-config="true" signature="setup()[pri:0, instance:excelDriven.ExcelDrivenWithDataProviderAnnotation@65e98b1c]" started-at="2026-02-21T00:19:30 IST" name="setup" finished-at="2026-02-21T00:19:40 IST" duration-ms="9560" status="PASS">
          <reporter-output>
          </reporter-output>
        </test-method> <!-- setup -->
        <test-method signature="loginCredentils(java.lang.String,java.lang.String)[pri:0, instance:excelDriven.ExcelDrivenWithDataProviderAnnotation@65e98b1c]" started-at="2026-02-21T00:19:40 IST" name="loginCredentils" data-provider="DataProvider" finished-at="2026-02-21T00:19:42 IST" duration-ms="2232" status="PASS">
          <params>
            <param index="0">
              <value>
                <![CDATA[Admin]]>
              </value>
            </param>
            <param index="1">
              <value>
                <![CDATA[ADMIN123]]>
              </value>
            </param>
          </params>
          <reporter-output>
          </reporter-output>
        </test-method> <!-- loginCredentils -->
        <test-method is-config="true" signature="tearDown()[pri:0, instance:excelDriven.ExcelDrivenWithDataProviderAnnotation@65e98b1c]" started-at="2026-02-21T00:19:42 IST" name="tearDown" finished-at="2026-02-21T00:19:46 IST" duration-ms="3748" status="PASS">
          <reporter-output>
          </reporter-output>
        </test-method> <!-- tearDown -->
      </class> <!-- excelDriven.ExcelDrivenWithDataProviderAnnotation -->
      <class name="com.Amazon.TestScripts.AddToCart_TestScript">
        <test-method is-config="true" signature="setup()[pri:0, instance:com.Amazon.TestScripts.AddToCart_TestScript@1ff4931d]" started-at="2026-02-21T00:18:17 IST" name="setup" finished-at="2026-02-21T00:18:33 IST" duration-ms="16656" status="PASS">
          <reporter-output>
          </reporter-output>
        </test-method> <!-- setup -->
        <test-method signature="Tc001_SearchProduct()[pri:1, instance:com.Amazon.TestScripts.AddToCart_TestScript@1ff4931d]" started-at="2026-02-21T00:18:34 IST" name="Tc001_SearchProduct" finished-at="2026-02-21T00:18:45 IST" duration-ms="11876" status="PASS">
          <reporter-output>
          </reporter-output>
        </test-method> <!-- Tc001_SearchProduct -->
        <test-method signature="Tc002_AddToCart()[pri:2, instance:com.Amazon.TestScripts.AddToCart_TestScript@1ff4931d]" started-at="2026-02-21T00:18:45 IST" name="Tc002_AddToCart" finished-at="2026-02-21T00:18:50 IST" duration-ms="4822" status="PASS">
          <reporter-output>
          </reporter-output>
        </test-method> <!-- Tc002_AddToCart -->
        <test-method is-config="true" signature="tearDown()[pri:0, instance:com.Amazon.TestScripts.AddToCart_TestScript@1ff4931d]" started-at="2026-02-21T00:18:50 IST" name="tearDown" finished-at="2026-02-21T00:18:52 IST" duration-ms="1341" status="PASS">
          <reporter-output>
          </reporter-output>
        </test-method> <!-- tearDown -->
      </class> <!-- com.Amazon.TestScripts.AddToCart_TestScript -->
    </test> <!-- Test -->
  </suite> <!-- Suite -->
</testng-results>
