<?xml version="1.0" encoding="UTF-8"?>
<testng-results ignored="0" total="2" passed="2" failed="0" skipped="0">
  <reporter-output>
  </reporter-output>
  <suite started-at="2026-02-10T17:05:43 IST" name="Default suite" finished-at="2026-02-10T17:06:04 IST" duration-ms="21113">
    <groups>
    </groups>
    <test started-at="2026-02-10T17:05:43 IST" name="Default test" finished-at="2026-02-10T17:06:04 IST" duration-ms="21113">
      <class name="com.Amazon.TestScripts.AddToCart_TestScript">
        <test-method is-config="true" signature="setup()[pri:0, instance:com.Amazon.TestScripts.AddToCart_TestScript@4116aac9]" started-at="2026-02-10T17:05:43 IST" name="setup" finished-at="2026-02-10T17:05:49 IST" duration-ms="5597" status="PASS">
          <reporter-output>
          </reporter-output>
        </test-method> <!-- setup -->
        <test-method signature="Tc001_SearchProduct()[pri:1, instance:com.Amazon.TestScripts.AddToCart_TestScript@4116aac9]" started-at="2026-02-10T17:05:49 IST" name="Tc001_SearchProduct" finished-at="2026-02-10T17:06:01 IST" duration-ms="12493" status="PASS">
          <reporter-output>
          </reporter-output>
        </test-method> <!-- Tc001_SearchProduct -->
        <test-method signature="Tc002_AddToCart()[pri:2, instance:com.Amazon.TestScripts.AddToCart_TestScript@4116aac9]" started-at="2026-02-10T17:06:01 IST" name="Tc002_AddToCart" finished-at="2026-02-10T17:06:03 IST" duration-ms="2293" status="PASS">
          <reporter-output>
          </reporter-output>
        </test-method> <!-- Tc002_AddToCart -->
        <test-method is-config="true" signature="tearDown()[pri:0, instance:com.Amazon.TestScripts.AddToCart_TestScript@4116aac9]" started-at="2026-02-10T17:06:03 IST" name="tearDown" finished-at="2026-02-10T17:06:04 IST" duration-ms="588" status="PASS">
          <reporter-output>
          </reporter-output>
        </test-method> <!-- tearDown -->
      </class> <!-- com.Amazon.TestScripts.AddToCart_TestScript -->
    </test> <!-- Default test -->
  </suite> <!-- Default suite -->
</testng-results>
