<?xml version="1.0" encoding="UTF-8"?>
<testng-results ignored="0" total="1" passed="1" failed="0" skipped="0">
  <reporter-output>
  </reporter-output>
  <suite started-at="2026-02-26T01:11:00 IST" name="Default suite" finished-at="2026-02-26T01:11:26 IST" duration-ms="26715">
    <groups>
    </groups>
    <test started-at="2026-02-26T01:11:00 IST" name="Default test" finished-at="2026-02-26T01:11:26 IST" duration-ms="26715">
      <class name="com.Amazon.TestScripts.AddToCart_Test">
        <test-method is-config="true" signature="setup()[pri:0, instance:com.Amazon.TestScripts.AddToCart_Test@1e800aaa]" started-at="2026-02-26T01:11:00 IST" name="setup" finished-at="2026-02-26T01:11:10 IST" duration-ms="10201" status="PASS">
          <reporter-output>
          </reporter-output>
        </test-method> <!-- setup -->
        <test-method signature="AddToCart()[pri:0, instance:com.Amazon.TestScripts.AddToCart_Test@1e800aaa]" started-at="2026-02-26T01:11:10 IST" name="AddToCart" finished-at="2026-02-26T01:11:26 IST" duration-ms="15837" status="PASS">
          <reporter-output>
          </reporter-output>
        </test-method> <!-- AddToCart -->
        <test-method is-config="true" signature="tearDown()[pri:0, instance:com.Amazon.TestScripts.AddToCart_Test@1e800aaa]" started-at="2026-02-26T01:11:26 IST" name="tearDown" finished-at="2026-02-26T01:11:26 IST" duration-ms="545" status="PASS">
          <reporter-output>
          </reporter-output>
        </test-method> <!-- tearDown -->
      </class> <!-- com.Amazon.TestScripts.AddToCart_Test -->
    </test> <!-- Default test -->
  </suite> <!-- Default suite -->
</testng-results>
