<?xml version="1.0" encoding="UTF-8"?>
<testng-results ignored="0" total="1" passed="1" failed="0" skipped="0">
  <reporter-output>
  </reporter-output>
  <suite started-at="2026-02-25T18:16:18 IST" name="Default suite" finished-at="2026-02-25T18:16:35 IST" duration-ms="16883">
    <groups>
    </groups>
    <test started-at="2026-02-25T18:16:18 IST" name="Default test" finished-at="2026-02-25T18:16:35 IST" duration-ms="16883">
      <class name="com.Amazon.TestScripts.AddToCart_Test">
        <test-method is-config="true" signature="setup()[pri:0, instance:com.Amazon.TestScripts.AddToCart_Test@3eb738bb]" started-at="2026-02-25T18:16:18 IST" name="setup" finished-at="2026-02-25T18:16:21 IST" duration-ms="3015" status="PASS">
          <reporter-output>
          </reporter-output>
        </test-method> <!-- setup -->
        <test-method signature="AddToCart()[pri:0, instance:com.Amazon.TestScripts.AddToCart_Test@3eb738bb]" started-at="2026-02-25T18:16:21 IST" name="AddToCart" finished-at="2026-02-25T18:16:34 IST" duration-ms="13108" status="PASS">
          <reporter-output>
          </reporter-output>
        </test-method> <!-- AddToCart -->
        <test-method is-config="true" signature="tearDown()[pri:0, instance:com.Amazon.TestScripts.AddToCart_Test@3eb738bb]" started-at="2026-02-25T18:16:34 IST" name="tearDown" finished-at="2026-02-25T18:16:35 IST" duration-ms="661" status="PASS">
          <reporter-output>
          </reporter-output>
        </test-method> <!-- tearDown -->
      </class> <!-- com.Amazon.TestScripts.AddToCart_Test -->
    </test> <!-- Default test -->
  </suite> <!-- Default suite -->
</testng-results>
