<?xml version="1.0" encoding="UTF-8"?>
<testng-results ignored="0" total="2" passed="2" failed="0" skipped="0">
  <reporter-output>
  </reporter-output>
  <suite started-at="2026-02-21T01:31:00 IST" name="Suite" finished-at="2026-02-21T01:31:19 IST" duration-ms="19399">
    <groups>
    </groups>
    <test started-at="2026-02-21T01:31:00 IST" name="Test" finished-at="2026-02-21T01:31:19 IST" duration-ms="19399">
      <class name="com.Amazon.TestScripts.AddToCart_TestScript">
        <test-method is-config="true" signature="setup()[pri:0, instance:com.Amazon.TestScripts.AddToCart_TestScript@3cd3e762]" started-at="2026-02-21T01:31:00 IST" name="setup" finished-at="2026-02-21T01:31:05 IST" duration-ms="4817" status="PASS">
          <reporter-output>
          </reporter-output>
        </test-method> <!-- setup -->
        <test-method signature="Tc001_SearchProduct()[pri:1, instance:com.Amazon.TestScripts.AddToCart_TestScript@3cd3e762]" started-at="2026-02-21T01:31:05 IST" name="Tc001_SearchProduct" finished-at="2026-02-21T01:31:17 IST" duration-ms="12008" status="PASS">
          <reporter-output>
          </reporter-output>
        </test-method> <!-- Tc001_SearchProduct -->
        <test-method signature="Tc002_AddToCart()[pri:2, instance:com.Amazon.TestScripts.AddToCart_TestScript@3cd3e762]" started-at="2026-02-21T01:31:17 IST" name="Tc002_AddToCart" finished-at="2026-02-21T01:31:19 IST" duration-ms="1665" status="PASS">
          <reporter-output>
          </reporter-output>
        </test-method> <!-- Tc002_AddToCart -->
        <test-method is-config="true" signature="tearDown()[pri:0, instance:com.Amazon.TestScripts.AddToCart_TestScript@3cd3e762]" started-at="2026-02-21T01:31:19 IST" name="tearDown" finished-at="2026-02-21T01:31:19 IST" duration-ms="797" status="PASS">
          <reporter-output>
          </reporter-output>
        </test-method> <!-- tearDown -->
      </class> <!-- com.Amazon.TestScripts.AddToCart_TestScript -->
    </test> <!-- Test -->
  </suite> <!-- Suite -->
</testng-results>
