<?xml version="1.0" encoding="UTF-8"?>
<testng-results ignored="0" total="1" passed="1" failed="0" skipped="0">
  <reporter-output>
  </reporter-output>
  <suite started-at="2026-03-15T01:12:20 IST" name="Default suite" finished-at="2026-03-15T01:12:41 IST" duration-ms="20561">
    <groups>
    </groups>
    <test started-at="2026-03-15T01:12:20 IST" name="Default test" finished-at="2026-03-15T01:12:41 IST" duration-ms="20561">
      <class name="com.Amazon.TestScripts.VerifySortFunctionality_TC_AMZ_007">
        <test-method is-config="true" signature="setup()[pri:0, instance:com.Amazon.TestScripts.VerifySortFunctionality_TC_AMZ_007@185a6e9]" started-at="2026-03-15T01:12:20 IST" name="setup" finished-at="2026-03-15T01:12:24 IST" duration-ms="4293" status="PASS">
          <reporter-output>
          </reporter-output>
        </test-method> <!-- setup -->
        <test-method signature="shorPrisetLowToHighTest()[pri:0, instance:com.Amazon.TestScripts.VerifySortFunctionality_TC_AMZ_007@185a6e9]" started-at="2026-03-15T01:12:24 IST" name="shorPrisetLowToHighTest" finished-at="2026-03-15T01:12:40 IST" duration-ms="15610" status="PASS">
          <reporter-output>
          </reporter-output>
        </test-method> <!-- shorPrisetLowToHighTest -->
        <test-method is-config="true" signature="tearDown()[pri:0, instance:com.Amazon.TestScripts.VerifySortFunctionality_TC_AMZ_007@185a6e9]" started-at="2026-03-15T01:12:40 IST" name="tearDown" finished-at="2026-03-15T01:12:41 IST" duration-ms="540" status="PASS">
          <reporter-output>
          </reporter-output>
        </test-method> <!-- tearDown -->
      </class> <!-- com.Amazon.TestScripts.VerifySortFunctionality_TC_AMZ_007 -->
    </test> <!-- Default test -->
  </suite> <!-- Default suite -->
</testng-results>
