<?xml version="1.0" encoding="UTF-8"?>
<testng-results ignored="0" total="2" passed="2" failed="0" skipped="0">
  <reporter-output>
  </reporter-output>
  <suite started-at="2026-02-24T00:45:27 IST" name="Suite" finished-at="2026-02-24T00:46:09 IST" duration-ms="41696">
    <groups>
    </groups>
    <test started-at="2026-02-24T00:45:27 IST" name="Test" finished-at="2026-02-24T00:46:09 IST" duration-ms="41696">
      <class name="com.Amazon.TestScripts.AddToCart_Test">
        <test-method is-config="true" signature="setup()[pri:0, instance:com.Amazon.TestScripts.AddToCart_Test@1fa121e2]" started-at="2026-02-24T00:45:27 IST" name="setup" finished-at="2026-02-24T00:45:32 IST" duration-ms="4475" status="PASS">
          <reporter-output>
          </reporter-output>
        </test-method> <!-- setup -->
        <test-method signature="AddToCart()[pri:0, instance:com.Amazon.TestScripts.AddToCart_Test@1fa121e2]" started-at="2026-02-24T00:45:32 IST" name="AddToCart" finished-at="2026-02-24T00:45:54 IST" duration-ms="22011" status="PASS">
          <reporter-output>
          </reporter-output>
        </test-method> <!-- AddToCart -->
        <test-method is-config="true" signature="tearDown()[pri:0, instance:com.Amazon.TestScripts.AddToCart_Test@1fa121e2]" started-at="2026-02-24T00:45:54 IST" name="tearDown" finished-at="2026-02-24T00:45:54 IST" duration-ms="714" status="PASS">
          <reporter-output>
          </reporter-output>
        </test-method> <!-- tearDown -->
      </class> <!-- com.Amazon.TestScripts.AddToCart_Test -->
      <class name="com.Amazon.TestScripts.SearchProducts">
        <test-method is-config="true" signature="setup()[pri:0, instance:com.Amazon.TestScripts.SearchProducts@7eac9008]" started-at="2026-02-24T00:45:54 IST" name="setup" finished-at="2026-02-24T00:45:57 IST" duration-ms="2090" status="PASS">
          <reporter-output>
          </reporter-output>
        </test-method> <!-- setup -->
        <test-method signature="searchProduct()[pri:0, instance:com.Amazon.TestScripts.SearchProducts@7eac9008]" started-at="2026-02-24T00:45:57 IST" name="searchProduct" finished-at="2026-02-24T00:46:08 IST" duration-ms="11473" status="PASS">
          <reporter-output>
          </reporter-output>
        </test-method> <!-- searchProduct -->
        <test-method is-config="true" signature="tearDown()[pri:0, instance:com.Amazon.TestScripts.SearchProducts@7eac9008]" started-at="2026-02-24T00:46:08 IST" name="tearDown" finished-at="2026-02-24T00:46:09 IST" duration-ms="752" status="PASS">
          <reporter-output>
          </reporter-output>
        </test-method> <!-- tearDown -->
      </class> <!-- com.Amazon.TestScripts.SearchProducts -->
    </test> <!-- Test -->
  </suite> <!-- Suite -->
</testng-results>
