<?xml version="1.0" encoding="UTF-8"?>
<!-- Generated by org.testng.reporters.JUnitReportReporter -->
<testsuite hostname="DESKTOP-B94R4DD" failures="0" tests="3" name="excelDriven.ExcelDrivenWithDataProviderAnnotation" time="38.025" errors="0" timestamp="2025-12-22T21:30:01 IST" skipped="0">
  <testcase classname="excelDriven.ExcelDrivenWithDataProviderAnnotation" name="loginCredentils" time="13.207"/>
  <testcase classname="excelDriven.ExcelDrivenWithDataProviderAnnotation" name="loginCredentils" time="9.493"/>
  <testcase classname="excelDriven.ExcelDrivenWithDataProviderAnnotation" name="loginCredentils" time="15.325"/>
</testsuite> <!-- excelDriven.ExcelDrivenWithDataProviderAnnotation -->
