<?xml version="1.0" encoding="UTF-8"?>
<!-- Generated by org.testng.reporters.JUnitReportReporter -->
<testsuite hostname="DESKTOP-B94R4DD" failures="0" tests="3" name="excelDriven.ExcelDrivenWithDataProviderAnnotation" time="52.141" errors="0" timestamp="2026-02-21T00:19:46 IST" skipped="0">
  <testcase classname="excelDriven.ExcelDrivenWithDataProviderAnnotation" name="loginCredentils" time="19.527"/>
  <testcase classname="excelDriven.ExcelDrivenWithDataProviderAnnotation" name="loginCredentils" time="16.813"/>
  <testcase classname="excelDriven.ExcelDrivenWithDataProviderAnnotation" name="loginCredentils" time="15.801"/>
</testsuite> <!-- excelDriven.ExcelDrivenWithDataProviderAnnotation -->
