<?xml version="1.0" encoding="UTF-8"?>
<!-- Generated by org.testng.reporters.JUnitReportReporter -->
<testsuite hostname="DESKTOP-B94R4DD" failures="0" tests="1" name="com.Amazon.TestScripts.VerifySortFunctionality_TC_AMZ_007" time="15.610" errors="0" timestamp="2026-03-15T01:12:41 IST" skipped="0">
  <testcase classname="com.Amazon.TestScripts.VerifySortFunctionality_TC_AMZ_007" name="shorPrisetLowToHighTest" time="15.610"/>
</testsuite> <!-- com.Amazon.TestScripts.VerifySortFunctionality_TC_AMZ_007 -->
