<?xml version="1.0" encoding="UTF-8"?>
<!-- Generated by org.testng.reporters.JUnitReportReporter -->
<testsuite hostname="DESKTOP-B94R4DD" failures="0" tests="2" name="com.Amazon.TestScripts.AddToCart_TestScript" time="16.698" errors="0" timestamp="2026-02-21T00:19:46 IST" skipped="0">
  <testcase classname="com.Amazon.TestScripts.AddToCart_TestScript" name="Tc001_SearchProduct" time="11.876"/>
  <testcase classname="com.Amazon.TestScripts.AddToCart_TestScript" name="Tc002_AddToCart" time="4.822"/>
</testsuite> <!-- com.Amazon.TestScripts.AddToCart_TestScript -->
