<?xml version="1.0" encoding="UTF-8"?>
<!-- Generated by org.testng.reporters.JUnitReportReporter -->
<testsuite hostname="DESKTOP-B94R4DD" failures="0" tests="1" name="com.Amazon.TestScripts.VerifyFilterFunctionality_TC_AMZ_006" time="15.389" errors="0" timestamp="2026-03-06T18:08:03 IST" skipped="0">
  <testcase classname="com.Amazon.TestScripts.VerifyFilterFunctionality_TC_AMZ_006" name="filterByBrandTest" time="15.389"/>
</testsuite> <!-- com.Amazon.TestScripts.VerifyFilterFunctionality_TC_AMZ_006 -->
