<?xml version="1.0" encoding="UTF-8"?>
<!-- Generated by org.testng.reporters.JUnitReportReporter -->
<testsuite hostname="DESKTOP-B94R4DD" failures="0" tests="2" name="com.Amazon.TestScripts.AddToCart_TestCase" time="18.987" errors="0" timestamp="2026-02-03T14:58:14 IST" skipped="0">
  <testcase classname="com.Amazon.TestScripts.AddToCart_TestCase" name="Tc001_SearchProduct" time="14.886"/>
  <testcase classname="com.Amazon.TestScripts.AddToCart_TestCase" name="Tc002_AddToCart" time="4.101"/>
</testsuite> <!-- com.Amazon.TestScripts.AddToCart_TestCase -->
