<?xml version="1.0" encoding="UTF-8"?>
<!-- Generated by org.testng.reporters.JUnitReportReporter -->
<testsuite hostname="DESKTOP-B94R4DD" failures="0" tests="2" name="com.Amazon.TestScripts.AddToCart_TestScript" time="14.141" errors="0" timestamp="2026-02-21T02:01:19 IST" skipped="0">
  <testcase classname="com.Amazon.TestScripts.AddToCart_TestScript" name="Tc001_SearchProduct" time="8.481"/>
  <testcase classname="com.Amazon.TestScripts.AddToCart_TestScript" name="Tc002_AddToCart" time="5.660"/>
</testsuite> <!-- com.Amazon.TestScripts.AddToCart_TestScript -->
