<?xml version="1.0" encoding="UTF-8"?>
<!-- Generated by org.testng.reporters.JUnitReportReporter -->
<testsuite hostname="DESKTOP-B94R4DD" failures="0" tests="3" name="excelDriven.ExcelDrivenWithDataProviderAnnotation" time="37.939" errors="0" timestamp="2026-02-21T01:02:40 IST" skipped="0">
  <testcase classname="excelDriven.ExcelDrivenWithDataProviderAnnotation" name="loginCredentils" time="13.119"/>
  <testcase classname="excelDriven.ExcelDrivenWithDataProviderAnnotation" name="loginCredentils" time="17.539"/>
  <testcase classname="excelDriven.ExcelDrivenWithDataProviderAnnotation" name="loginCredentils" time="7.281"/>
</testsuite> <!-- excelDriven.ExcelDrivenWithDataProviderAnnotation -->
